2023-12-21 15:29:19  [ localhost-startStop-1:0 ] - [ INFO ]  Root WebApplicationContext: initialization started
2023-12-21 15:29:20  [ localhost-startStop-1:1284 ] - [ INFO ]  Root WebApplicationContext initialized in 1282 ms
2023-12-21 15:29:20  [ localhost-startStop-1:1302 ] - [ INFO ]  Initializing Servlet 'dispatcher'
2023-12-21 15:29:21  [ localhost-startStop-1:1968 ] - [ WARN ]  For Jackson Kotlin classes support please add "com.fasterxml.jackson.module:jackson-module-kotlin" to the classpath
2023-12-21 15:29:21  [ localhost-startStop-1:2058 ] - [ INFO ]  Completed initialization in 756 ms
2023-12-21 15:30:40  [ http-bio-8080-exec-3:81270 ] - [ INFO ]  request start，id: 7c347e65-ac3e-45fc-a568-730796adc491, path: /user/login, ip: 0:0:0:0:0:0:0:1, params: [UserLoginRequest(userAccount=219970149, userPassword=261615), org.apache.catalina.connector.RequestFacade@597095af]
2023-12-21 15:30:40  [ http-bio-8080-exec-3:81282 ] - [ ERROR ]  BusinessException
team.tunan.exception.BusinessException: 密码错误
	at team.tunan.service.impl.UserServiceImpl.userLogin(UserServiceImpl.java:89)
	at sun.reflect.NativeMethodAccessorImpl.invoke0(Native Method)
	at sun.reflect.NativeMethodAccessorImpl.invoke(NativeMethodAccessorImpl.java:62)
	at sun.reflect.DelegatingMethodAccessorImpl.invoke(DelegatingMethodAccessorImpl.java:43)
	at java.lang.reflect.Method.invoke(Method.java:498)
	at org.springframework.aop.support.AopUtils.invokeJoinpointUsingReflection(AopUtils.java:344)
	at org.springframework.aop.framework.JdkDynamicAopProxy.invoke(JdkDynamicAopProxy.java:205)
	at com.sun.proxy.$Proxy76.userLogin(Unknown Source)
	at team.tunan.controller.UserController.userLogin(UserController.java:73)
	at team.tunan.controller.UserController$$FastClassBySpringCGLIB$$ad25d0f4.invoke(<generated>)
	at org.springframework.cglib.proxy.MethodProxy.invoke(MethodProxy.java:218)
	at org.springframework.aop.framework.CglibAopProxy$CglibMethodInvocation.invokeJoinpoint(CglibAopProxy.java:771)
	at org.springframework.aop.framework.ReflectiveMethodInvocation.proceed(ReflectiveMethodInvocation.java:163)
	at org.springframework.aop.framework.CglibAopProxy$CglibMethodInvocation.proceed(CglibAopProxy.java:749)
	at org.springframework.aop.aspectj.MethodInvocationProceedingJoinPoint.proceed(MethodInvocationProceedingJoinPoint.java:88)
	at team.tunan.aop.LogInterceptor.doInterceptor(LogInterceptor.java:57)
	at sun.reflect.NativeMethodAccessorImpl.invoke0(Native Method)
	at sun.reflect.NativeMethodAccessorImpl.invoke(NativeMethodAccessorImpl.java:62)
	at sun.reflect.DelegatingMethodAccessorImpl.invoke(DelegatingMethodAccessorImpl.java:43)
	at java.lang.reflect.Method.invoke(Method.java:498)
	at org.springframework.aop.aspectj.AbstractAspectJAdvice.invokeAdviceMethodWithGivenArgs(AbstractAspectJAdvice.java:644)
	at org.springframework.aop.aspectj.AbstractAspectJAdvice.invokeAdviceMethod(AbstractAspectJAdvice.java:633)
	at org.springframework.aop.aspectj.AspectJAroundAdvice.invoke(AspectJAroundAdvice.java:70)
	at org.springframework.aop.framework.ReflectiveMethodInvocation.proceed(ReflectiveMethodInvocation.java:186)
	at org.springframework.aop.framework.CglibAopProxy$CglibMethodInvocation.proceed(CglibAopProxy.java:749)
	at org.springframework.aop.interceptor.ExposeInvocationInterceptor.invoke(ExposeInvocationInterceptor.java:95)
	at org.springframework.aop.framework.ReflectiveMethodInvocation.proceed(ReflectiveMethodInvocation.java:186)
	at org.springframework.aop.framework.CglibAopProxy$CglibMethodInvocation.proceed(CglibAopProxy.java:749)
	at org.springframework.aop.framework.CglibAopProxy$DynamicAdvisedInterceptor.intercept(CglibAopProxy.java:691)
	at team.tunan.controller.UserController$$EnhancerBySpringCGLIB$$f3989e00.userLogin(<generated>)
	at sun.reflect.NativeMethodAccessorImpl.invoke0(Native Method)
	at sun.reflect.NativeMethodAccessorImpl.invoke(NativeMethodAccessorImpl.java:62)
	at sun.reflect.DelegatingMethodAccessorImpl.invoke(DelegatingMethodAccessorImpl.java:43)
	at java.lang.reflect.Method.invoke(Method.java:498)
	at org.springframework.web.method.support.InvocableHandlerMethod.doInvoke(InvocableHandlerMethod.java:190)
	at org.springframework.web.method.support.InvocableHandlerMethod.invokeForRequest(InvocableHandlerMethod.java:138)
	at org.springframework.web.servlet.mvc.method.annotation.ServletInvocableHandlerMethod.invokeAndHandle(ServletInvocableHandlerMethod.java:105)
	at org.springframework.web.servlet.mvc.method.annotation.RequestMappingHandlerAdapter.invokeHandlerMethod(RequestMappingHandlerAdapter.java:878)
	at org.springframework.web.servlet.mvc.method.annotation.RequestMappingHandlerAdapter.handleInternal(RequestMappingHandlerAdapter.java:792)
	at org.springframework.web.servlet.mvc.method.AbstractHandlerMethodAdapter.handle(AbstractHandlerMethodAdapter.java:87)
	at org.springframework.web.servlet.DispatcherServlet.doDispatch(DispatcherServlet.java:1040)
	at org.springframework.web.servlet.DispatcherServlet.doService(DispatcherServlet.java:943)
	at org.springframework.web.servlet.FrameworkServlet.processRequest(FrameworkServlet.java:1006)
	at org.springframework.web.servlet.FrameworkServlet.doPost(FrameworkServlet.java:909)
	at javax.servlet.http.HttpServlet.service(HttpServlet.java:647)
	at org.springframework.web.servlet.FrameworkServlet.service(FrameworkServlet.java:883)
	at javax.servlet.http.HttpServlet.service(HttpServlet.java:728)
	at org.apache.catalina.core.ApplicationFilterChain.internalDoFilter(ApplicationFilterChain.java:305)
	at org.apache.catalina.core.ApplicationFilterChain.doFilter(ApplicationFilterChain.java:210)
	at org.springframework.web.filter.CharacterEncodingFilter.doFilterInternal(CharacterEncodingFilter.java:201)
	at org.springframework.web.filter.OncePerRequestFilter.doFilter(OncePerRequestFilter.java:119)
	at org.apache.catalina.core.ApplicationFilterChain.internalDoFilter(ApplicationFilterChain.java:243)
	at org.apache.catalina.core.ApplicationFilterChain.doFilter(ApplicationFilterChain.java:210)
	at org.apache.catalina.core.StandardWrapperValve.invoke(StandardWrapperValve.java:222)
	at org.apache.catalina.core.StandardContextValve.invoke(StandardContextValve.java:123)
	at org.apache.catalina.authenticator.AuthenticatorBase.invoke(AuthenticatorBase.java:472)
	at org.apache.catalina.core.StandardHostValve.invoke(StandardHostValve.java:171)
	at org.apache.catalina.valves.ErrorReportValve.invoke(ErrorReportValve.java:99)
	at org.apache.catalina.valves.AccessLogValve.invoke(AccessLogValve.java:936)
	at org.apache.catalina.core.StandardEngineValve.invoke(StandardEngineValve.java:118)
	at org.apache.catalina.connector.CoyoteAdapter.service(CoyoteAdapter.java:407)
	at org.apache.coyote.http11.AbstractHttp11Processor.process(AbstractHttp11Processor.java:1004)
	at org.apache.coyote.AbstractProtocol$AbstractConnectionHandler.process(AbstractProtocol.java:589)
	at org.apache.tomcat.util.net.JIoEndpoint$SocketProcessor.run(JIoEndpoint.java:310)
	at java.util.concurrent.ThreadPoolExecutor.runWorker(ThreadPoolExecutor.java:1149)
	at java.util.concurrent.ThreadPoolExecutor$Worker.run(ThreadPoolExecutor.java:624)
	at java.lang.Thread.run(Thread.java:750)
2023-12-21 15:31:51  [ http-bio-8080-exec-5:152565 ] - [ INFO ]  request start，id: 5e8ae1a7-92f0-48cc-824c-a10c9aef2684, path: /user/login, ip: 0:0:0:0:0:0:0:1, params: [UserLoginRequest(userAccount=219970149, userPassword=261615xhk), org.apache.catalina.connector.RequestFacade@597095af]
2023-12-21 15:31:52  [ http-bio-8080-exec-5:152699 ] - [ INFO ]  {dataSource-1} inited
2023-12-21 15:31:52  [ http-bio-8080-exec-5:152843 ] - [ INFO ]  request end, id: 5e8ae1a7-92f0-48cc-824c-a10c9aef2684, cost: 278ms
2023-12-21 15:31:52  [ http-bio-8080-exec-6:152855 ] - [ INFO ]  request start，id: 8354ecc2-e68c-4679-abbb-5e7b329f9427, path: /user/get/login, ip: 0:0:0:0:0:0:0:1, params: [org.apache.catalina.connector.RequestFacade@2010ea4c]
2023-12-21 15:31:52  [ http-bio-8080-exec-6:152858 ] - [ INFO ]  request end, id: 8354ecc2-e68c-4679-abbb-5e7b329f9427, cost: 3ms
2023-12-21 15:31:58  [ http-bio-8080-exec-10:158793 ] - [ INFO ]  request start，id: cb00a9ef-d6e5-4990-ae3d-ab7834ba888e, path: /user/list/page, ip: 0:0:0:0:0:0:0:1, params: [UserQueryRequest(id=null, userName=null, userProfile=null, userRole=null)]
2023-12-21 15:31:58  [ http-bio-8080-exec-10:158798 ] - [ INFO ]  request end, id: cb00a9ef-d6e5-4990-ae3d-ab7834ba888e, cost: 4ms
2023-12-21 15:32:12  [ http-bio-8080-exec-3:172882 ] - [ INFO ]  request start，id: fdbeb949-8bbb-417b-a90f-2fee9ca2a382, path: /user/list/page, ip: 0:0:0:0:0:0:0:1, params: [UserQueryRequest(id=null, userName=null, userProfile=null, userRole=null)]
2023-12-21 15:32:12  [ http-bio-8080-exec-3:172885 ] - [ INFO ]  request end, id: fdbeb949-8bbb-417b-a90f-2fee9ca2a382, cost: 2ms
2023-12-21 15:32:13  [ http-bio-8080-exec-6:174349 ] - [ INFO ]  request start，id: a4fdb711-b21e-4363-b2e1-232c2076fa5d, path: /purchase/list/page, ip: 0:0:0:0:0:0:0:1, params: [PurchaseQueryRequest(purchaseId=null, userId=null, purchaseTime=null)]
2023-12-21 15:32:13  [ http-bio-8080-exec-6:174369 ] - [ INFO ]  request end, id: a4fdb711-b21e-4363-b2e1-232c2076fa5d, cost: 19ms
2023-12-21 15:32:14  [ http-bio-8080-exec-6:175665 ] - [ INFO ]  request start，id: b57629e5-ee37-4340-a0a5-53fe12f44e67, path: /user/list/page, ip: 0:0:0:0:0:0:0:1, params: [UserQueryRequest(id=null, userName=null, userProfile=null, userRole=null)]
2023-12-21 15:32:14  [ http-bio-8080-exec-6:175666 ] - [ INFO ]  request end, id: b57629e5-ee37-4340-a0a5-53fe12f44e67, cost: 1ms
2023-12-21 15:32:25  [ http-bio-8080-exec-1:186202 ] - [ INFO ]  request start，id: 0b676e42-aa21-4a08-983d-672f031aeffe, path: /purchase/list/page, ip: 0:0:0:0:0:0:0:1, params: [PurchaseQueryRequest(purchaseId=null, userId=null, purchaseTime=null)]
2023-12-21 15:32:25  [ http-bio-8080-exec-1:186207 ] - [ INFO ]  request end, id: 0b676e42-aa21-4a08-983d-672f031aeffe, cost: 5ms
2023-12-21 15:32:38  [ http-bio-8080-exec-3:199349 ] - [ INFO ]  request start，id: b9f39f40-d320-4db7-8236-198a4210cee0, path: /sale/list/page, ip: 0:0:0:0:0:0:0:1, params: [SaleQueryRequest(saleId=null, userId=null, productId=null, saleTime=null)]
2023-12-21 15:32:38  [ http-bio-8080-exec-3:199359 ] - [ INFO ]  request end, id: b9f39f40-d320-4db7-8236-198a4210cee0, cost: 10ms
2023-12-21 15:32:41  [ http-bio-8080-exec-3:201920 ] - [ INFO ]  request start，id: d6fc18ec-5d54-4876-94c8-fae66b21b55f, path: /product/list/page, ip: 0:0:0:0:0:0:0:1, params: [ProductQueryRequest(id=null, productName=null)]
2023-12-21 15:32:41  [ http-bio-8080-exec-3:201925 ] - [ INFO ]  request end, id: d6fc18ec-5d54-4876-94c8-fae66b21b55f, cost: 4ms
2023-12-21 15:32:47  [ http-bio-8080-exec-6:208342 ] - [ INFO ]  request start，id: e9003c80-1dc0-4c81-9d35-9dbe8ec9b3f6, path: /sale/list/page, ip: 0:0:0:0:0:0:0:1, params: [SaleQueryRequest(saleId=null, userId=null, productId=null, saleTime=null)]
2023-12-21 15:32:47  [ http-bio-8080-exec-6:208343 ] - [ INFO ]  request end, id: e9003c80-1dc0-4c81-9d35-9dbe8ec9b3f6, cost: 1ms
2023-12-21 15:32:48  [ http-bio-8080-exec-6:208887 ] - [ INFO ]  request start，id: 49750d37-02c8-4955-8ecb-620fe91e7f21, path: /purchase/list/page, ip: 0:0:0:0:0:0:0:1, params: [PurchaseQueryRequest(purchaseId=null, userId=null, purchaseTime=null)]
2023-12-21 15:32:48  [ http-bio-8080-exec-6:208894 ] - [ INFO ]  request end, id: 49750d37-02c8-4955-8ecb-620fe91e7f21, cost: 7ms
2023-12-21 15:32:51  [ http-bio-8080-exec-6:212080 ] - [ INFO ]  request start，id: 4c540d0a-ee92-41d3-b316-01b1cde17ab2, path: /sale/list/page, ip: 0:0:0:0:0:0:0:1, params: [SaleQueryRequest(saleId=null, userId=null, productId=null, saleTime=null)]
2023-12-21 15:32:51  [ http-bio-8080-exec-6:212082 ] - [ INFO ]  request end, id: 4c540d0a-ee92-41d3-b316-01b1cde17ab2, cost: 1ms
2023-12-21 15:32:53  [ http-bio-8080-exec-2:213820 ] - [ INFO ]  request start，id: 76ec031f-8ad7-4456-9139-958f28d5446f, path: /purchase/list/page, ip: 0:0:0:0:0:0:0:1, params: [PurchaseQueryRequest(purchaseId=null, userId=null, purchaseTime=null)]
2023-12-21 15:32:53  [ http-bio-8080-exec-2:213826 ] - [ INFO ]  request end, id: 76ec031f-8ad7-4456-9139-958f28d5446f, cost: 5ms
2023-12-21 15:32:55  [ http-bio-8080-exec-2:216631 ] - [ INFO ]  request start，id: 9e5683f7-f150-4f82-a394-ee8c066227c9, path: /sale/list/page, ip: 0:0:0:0:0:0:0:1, params: [SaleQueryRequest(saleId=null, userId=null, productId=null, saleTime=null)]
2023-12-21 15:32:55  [ http-bio-8080-exec-2:216633 ] - [ INFO ]  request end, id: 9e5683f7-f150-4f82-a394-ee8c066227c9, cost: 1ms
2023-12-21 15:32:56  [ http-bio-8080-exec-2:217089 ] - [ INFO ]  request start，id: 3d675a6d-743e-4e99-9895-0545d381fc08, path: /purchase/list/page, ip: 0:0:0:0:0:0:0:1, params: [PurchaseQueryRequest(purchaseId=null, userId=null, purchaseTime=null)]
2023-12-21 15:32:56  [ http-bio-8080-exec-2:217096 ] - [ INFO ]  request end, id: 3d675a6d-743e-4e99-9895-0545d381fc08, cost: 7ms
2023-12-21 15:33:32  [ http-bio-8080-exec-10:252805 ] - [ INFO ]  request start，id: c6ea8507-fa0c-413d-bcc9-0e4736d2c5f0, path: /user/list/page, ip: 0:0:0:0:0:0:0:1, params: [UserQueryRequest(id=null, userName=null, userProfile=null, userRole=null)]
2023-12-21 15:33:32  [ http-bio-8080-exec-10:252806 ] - [ INFO ]  request end, id: c6ea8507-fa0c-413d-bcc9-0e4736d2c5f0, cost: 1ms
2023-12-21 15:33:34  [ http-bio-8080-exec-4:255215 ] - [ INFO ]  request start，id: d754cb58-d50f-4259-becd-d7ccac1e0b24, path: /user/list/page, ip: 0:0:0:0:0:0:0:1, params: [UserQueryRequest(id=null, userName=null, userProfile=null, userRole=null)]
2023-12-21 15:33:34  [ http-bio-8080-exec-4:255216 ] - [ INFO ]  request end, id: d754cb58-d50f-4259-becd-d7ccac1e0b24, cost: 1ms
2023-12-21 15:33:36  [ http-bio-8080-exec-4:256713 ] - [ INFO ]  request start，id: 3ae156a5-8d59-43c8-bf3d-b86ff73bb156, path: /purchase/list/page, ip: 0:0:0:0:0:0:0:1, params: [PurchaseQueryRequest(purchaseId=null, userId=null, purchaseTime=null)]
2023-12-21 15:33:36  [ http-bio-8080-exec-4:256723 ] - [ INFO ]  request end, id: 3ae156a5-8d59-43c8-bf3d-b86ff73bb156, cost: 9ms
2023-12-21 15:33:38  [ http-bio-8080-exec-4:259302 ] - [ INFO ]  request start，id: 5bc1c5c5-87b5-44f9-864d-ef1e67424097, path: /sale/list/page, ip: 0:0:0:0:0:0:0:1, params: [SaleQueryRequest(saleId=null, userId=null, productId=null, saleTime=null)]
2023-12-21 15:33:38  [ http-bio-8080-exec-4:259303 ] - [ INFO ]  request end, id: 5bc1c5c5-87b5-44f9-864d-ef1e67424097, cost: 1ms
2023-12-21 15:33:40  [ http-bio-8080-exec-4:261507 ] - [ INFO ]  request start，id: 8d832309-3a12-479c-9a76-49242014fd25, path: /product/list/page, ip: 0:0:0:0:0:0:0:1, params: [ProductQueryRequest(id=null, productName=null)]
2023-12-21 15:33:40  [ http-bio-8080-exec-4:261509 ] - [ INFO ]  request end, id: 8d832309-3a12-479c-9a76-49242014fd25, cost: 1ms
2023-12-21 15:33:45  [ http-bio-8080-exec-7:265743 ] - [ INFO ]  request start，id: f3bfdc62-7d7e-437f-922a-ede4927d0fe2, path: /purchase/list/page, ip: 0:0:0:0:0:0:0:1, params: [PurchaseQueryRequest(purchaseId=null, userId=null, purchaseTime=null)]
2023-12-21 15:33:45  [ http-bio-8080-exec-7:265748 ] - [ INFO ]  request end, id: f3bfdc62-7d7e-437f-922a-ede4927d0fe2, cost: 5ms
2023-12-21 15:38:08  [ http-bio-8080-exec-2:528857 ] - [ WARN ]  No mapping for GET /purchase
2023-12-21 20:01:12  [ localhost-startStop-1:0 ] - [ INFO ]  Root WebApplicationContext: initialization started
2023-12-21 20:01:13  [ localhost-startStop-1:1066 ] - [ INFO ]  Root WebApplicationContext initialized in 1064 ms
2023-12-21 20:01:13  [ localhost-startStop-1:1073 ] - [ INFO ]  Initializing Servlet 'dispatcher'
2023-12-21 20:01:14  [ localhost-startStop-1:1724 ] - [ WARN ]  For Jackson Kotlin classes support please add "com.fasterxml.jackson.module:jackson-module-kotlin" to the classpath
2023-12-21 20:01:14  [ localhost-startStop-1:1821 ] - [ INFO ]  Completed initialization in 748 ms
2023-12-21 20:01:58  [ localhost-startStop-2:45477 ] - [ INFO ]  {dataSource-0} closing ...
2023-12-21 20:01:58  [ localhost-startStop-2:45478 ] - [ INFO ]  {dataSource-0} closing ...
